D:\DOCUMENTS\VISUAL STUDIO 2012\PROJECTS\人脸识别\EIGENFACESDETECT\EIGENFACESDETECT\X64\DEBUG\BROWDIR.OBJ
D:\DOCUMENTS\VISUAL STUDIO 2012\PROJECTS\人脸识别\EIGENFACESDETECT\EIGENFACESDETECT\X64\DEBUG\MAIN.OBJ
D:\DOCUMENTS\VISUAL STUDIO 2012\PROJECTS\人脸识别\EIGENFACESDETECT\EIGENFACESDETECT\X64\DEBUG\VC110.PDB
D:\DOCUMENTS\VISUAL STUDIO 2012\PROJECTS\人脸识别\EIGENFACESDETECT\X64\DEBUG\EIGENFACESDETECT.ILK
D:\DOCUMENTS\VISUAL STUDIO 2012\PROJECTS\人脸识别\EIGENFACESDETECT\X64\DEBUG\EIGENFACESDETECT.EXE
D:\DOCUMENTS\VISUAL STUDIO 2012\PROJECTS\人脸识别\EIGENFACESDETECT\X64\DEBUG\EIGENFACESDETECT.PDB
D:\Documents\Visual Studio 2012\Projects\人脸识别\eigenfacesdetect\eigenfacesdetect\x64\Debug\BrowDir.obj
D:\Documents\Visual Studio 2012\Projects\人脸识别\eigenfacesdetect\eigenfacesdetect\x64\Debug\main.obj
D:\Documents\Visual Studio 2012\Projects\人脸识别\eigenfacesdetect\eigenfacesdetect\x64\Debug\cl.command.1.tlog
D:\Documents\Visual Studio 2012\Projects\人脸识别\eigenfacesdetect\eigenfacesdetect\x64\Debug\CL.read.1.tlog
D:\Documents\Visual Studio 2012\Projects\人脸识别\eigenfacesdetect\eigenfacesdetect\x64\Debug\CL.write.1.tlog
D:\Documents\Visual Studio 2012\Projects\人脸识别\eigenfacesdetect\eigenfacesdetect\x64\Debug\link-cvtres.read.1.tlog
D:\Documents\Visual Studio 2012\Projects\人脸识别\eigenfacesdetect\eigenfacesdetect\x64\Debug\link-cvtres.write.1.tlog
D:\Documents\Visual Studio 2012\Projects\人脸识别\eigenfacesdetect\eigenfacesdetect\x64\Debug\link-rc.read.1.tlog
D:\Documents\Visual Studio 2012\Projects\人脸识别\eigenfacesdetect\eigenfacesdetect\x64\Debug\link-rc.write.1.tlog
D:\Documents\Visual Studio 2012\Projects\人脸识别\eigenfacesdetect\eigenfacesdetect\x64\Debug\link.3256-cvtres.read.1.tlog
D:\Documents\Visual Studio 2012\Projects\人脸识别\eigenfacesdetect\eigenfacesdetect\x64\Debug\link.3256-cvtres.write.1.tlog
D:\Documents\Visual Studio 2012\Projects\人脸识别\eigenfacesdetect\eigenfacesdetect\x64\Debug\link.3256-rc.read.1.tlog
D:\Documents\Visual Studio 2012\Projects\人脸识别\eigenfacesdetect\eigenfacesdetect\x64\Debug\link.3256-rc.write.1.tlog
D:\Documents\Visual Studio 2012\Projects\人脸识别\eigenfacesdetect\eigenfacesdetect\x64\Debug\link.3256.read.1.tlog
D:\Documents\Visual Studio 2012\Projects\人脸识别\eigenfacesdetect\eigenfacesdetect\x64\Debug\link.3256.write.1.tlog
D:\Documents\Visual Studio 2012\Projects\人脸识别\eigenfacesdetect\eigenfacesdetect\x64\Debug\link.command.1.tlog
D:\Documents\Visual Studio 2012\Projects\人脸识别\eigenfacesdetect\eigenfacesdetect\x64\Debug\link.read.1.tlog
D:\Documents\Visual Studio 2012\Projects\人脸识别\eigenfacesdetect\eigenfacesdetect\x64\Debug\link.write.1.tlog
D:\Documents\Visual Studio 2012\Projects\人脸识别\eigenfacesdetect\eigenfacesdetect\x64\Debug\vc110.idb
D:\Documents\Visual Studio 2012\Projects\人脸识别\eigenfacesdetect\eigenfacesdetect\x64\Debug\vc110.pdb
D:\Documents\Visual Studio 2012\Projects\人脸识别\eigenfacesdetect\x64\Debug\eigenfacesdetect.pdb
D:\Documents\Visual Studio 2012\Projects\人脸识别\eigenfacesdetect\x64\Debug\eigenfacesdetect.exe
D:\Documents\Visual Studio 2012\Projects\人脸识别\eigenfacesdetect\x64\Debug\eigenfacesdetect.ilk
